Advantage/proguard/seeds.txt
com.hp.advantage.R$anim: int rotate_continously
com.hp.advantage.R$anim: int slide_in_left
com.hp.advantage.R$anim: int slide_in_right
com.hp.advantage.R$anim: int slide_out_left
com.hp.advantage.R$anim: int slide_out_right
com.hp.advantage.R$bool: int ga_autoActivityTracking
com.hp.advantage.R$bool: int ga_reportUncaughtExceptions
com.hp.advantage.R$color: int black
com.hp.advantage.R$color: int blue
com.hp.advantage.R$color: int darkGray
com.hp.advantage.R$color: int darkGreen
com.hp.advantage.R$color: int green
com.hp.advantage.R$color: int lightGray
com.hp.advantage.R$color: int lightGreen
com.hp.advantage.R$color: int red
com.hp.advantage.R$color: int semi_transparent_black
com.hp.advantage.R$color: int text_hint_color
com.hp.advantage.R$color: int white
com.hp.advantage.R$dimen: int activity_horizontal_margin
com.hp.advantage.R$dimen: int activity_vertical_margin
com.hp.advantage.R$drawable: int action_bar_background
com.hp.advantage.R$drawable: int action_search
com.hp.advantage.R$drawable: int bg_main
com.hp.advantage.R$drawable: int bg_menu
com.hp.advantage.R$drawable: int btn_pressed
com.hp.advantage.R$drawable: int btn_unpressed
com.hp.advantage.R$drawable: int drawer_shadow
com.hp.advantage.R$drawable: int header_footer
com.hp.advantage.R$drawable: int ic_accounts
com.hp.advantage.R$drawable: int ic_branches
com.hp.advantage.R$drawable: int ic_brokerage
com.hp.advantage.R$drawable: int ic_checkdeposit
com.hp.advantage.R$drawable: int ic_drawer
com.hp.advantage.R$drawable: int ic_headerlogo
com.hp.advantage.R$drawable: int ic_help
com.hp.advantage.R$drawable: int ic_launcher
com.hp.advantage.R$drawable: int ic_logout
com.hp.advantage.R$drawable: int ic_moneytransfer
com.hp.advantage.R$drawable: int ic_notification
com.hp.advantage.R$drawable: int item_bg_body
com.hp.advantage.R$drawable: int item_bg_footer
com.hp.advantage.R$drawable: int item_bg_header
com.hp.advantage.R$drawable: int item_bg_repeat
com.hp.advantage.R$drawable: int item_header_repeat
com.hp.advantage.R$drawable: int loader_bg
com.hp.advantage.R$drawable: int loading_item
com.hp.advantage.R$drawable: int loading_ring
com.hp.advantage.R$drawable: int main_background
com.hp.advantage.R$drawable: int menu_background
com.hp.advantage.R$drawable: int missing
com.hp.advantage.R$drawable: int round_button
com.hp.advantage.R$drawable: int rounded_edittext
com.hp.advantage.R$id: int RelativeLayout1
com.hp.advantage.R$id: int accountBalanceTextView
com.hp.advantage.R$id: int accountFooterPicture
com.hp.advantage.R$id: int accountFooterSpacer
com.hp.advantage.R$id: int accountHeaderPicture
com.hp.advantage.R$id: int accountImageView
com.hp.advantage.R$id: int accountLinearLayout
com.hp.advantage.R$id: int accountName
com.hp.advantage.R$id: int accountNameTextView
com.hp.advantage.R$id: int accountsListView
com.hp.advantage.R$id: int branchItemImageView
com.hp.advantage.R$id: int branchName
com.hp.advantage.R$id: int branchesButton
com.hp.advantage.R$id: int brokerageFormLinearLayout
com.hp.advantage.R$id: int brokerageTitleTextView
com.hp.advantage.R$id: int buttonsLinearLayout
com.hp.advantage.R$id: int callButton
com.hp.advantage.R$id: int cameraLinearLayout
com.hp.advantage.R$id: int content_frame
com.hp.advantage.R$id: int dowRadioButton
com.hp.advantage.R$id: int drawerLinearLayout
com.hp.advantage.R$id: int drawer_layout
com.hp.advantage.R$id: int emailButton
com.hp.advantage.R$id: int getQoutesButton
com.hp.advantage.R$id: int helpButton
com.hp.advantage.R$id: int imageIcon
com.hp.advantage.R$id: int imageViewHeaderShadow
com.hp.advantage.R$id: int imageViewLoadingIcon
com.hp.advantage.R$id: int imageViewLoadingTitle2
com.hp.advantage.R$id: int imageViewSplashLogo
com.hp.advantage.R$id: int left_drawer
com.hp.advantage.R$id: int linearLayoutPlaceholder1
com.hp.advantage.R$id: int linearLayoutPlaceholder2
...
com.google.analytics.containertag.proto.Debug$EventInfo$EventType
com.google.analytics.containertag.proto.Debug$EventInfo$EventType: int value
com.google.analytics.containertag.proto.Debug$EventInfo$EventType: com.google.analytics.containertag.proto.Debug$EventInfo$EventType[] values()
com.google.analytics.containertag.proto.Debug$EventInfo$EventType: com.google.analytics.containertag.proto.Debug$EventInfo$EventType valueOf(java.lang.String)
com.google.analytics.containertag.proto.Debug$MacroEvaluationInfo
com.google.analytics.containertag.proto.Debug$MacroEvaluationInfo: com.google.tagmanager.protobuf.ByteString unknownFields
com.google.analytics.containertag.proto.Debug$MacroEvaluationInfo: int bitField0_
com.google.analytics.containertag.proto.Debug$MacroEvaluationInfo: com.google.analytics.containertag.proto.Debug$RuleEvaluationStepInfo rulesEvaluation_
com.google.analytics.containertag.proto.Debug$MacroEvaluationInfo: com.google.analytics.containertag.proto.Debug$ResolvedFunctionCall result_
com.google.analytics.containertag.proto.Debug$MacroEvaluationInfo: byte memoizedIsInitialized
com.google.analytics.containertag.proto.Debug$MacroEvaluationInfo: int memoizedSerializedSize
com.google.analytics.containertag.proto.Debug$MacroEvaluationInfo: long serialVersionUID
com.google.analytics.containertag.proto.Debug$MacroEvaluationInfo: java.lang.Object writeReplace()
com.google.analytics.containertag.proto.Debug$ResolvedFunctionCall
com.google.analytics.containertag.proto.Debug$ResolvedFunctionCall: com.google.tagmanager.protobuf.ByteString unknownFields
com.google.analytics.containertag.proto.Debug$ResolvedFunctionCall: int bitField0_
com.google.analytics.containertag.proto.Debug$ResolvedFunctionCall: java.util.List properties_
com.google.analytics.containertag.proto.Debug$ResolvedFunctionCall: com.google.analytics.midtier.proto.containertag.TypeSystem$Value result_
com.google.analytics.containertag.proto.Debug$ResolvedFunctionCall: java.lang.Object associatedRuleName_
com.google.analytics.containertag.proto.Debug$ResolvedFunctionCall: byte memoizedIsInitialized
com.google.analytics.containertag.proto.Debug$ResolvedFunctionCall: int memoizedSerializedSize
com.google.analytics.containertag.proto.Debug$ResolvedFunctionCall: long serialVersionUID
com.google.analytics.containertag.proto.Debug$ResolvedFunctionCall: java.lang.Object writeReplace()
com.google.analytics.containertag.proto.Debug$ResolvedProperty
com.google.analytics.containertag.proto.Debug$ResolvedProperty: com.google.tagmanager.protobuf.ByteString unknownFields
com.google.analytics.containertag.proto.Debug$ResolvedProperty: int bitField0_
com.google.analytics.containertag.proto.Debug$ResolvedProperty: java.lang.Object key_
com.google.analytics.containertag.proto.Debug$ResolvedProperty: com.google.analytics.midtier.proto.containertag.TypeSystem$Value value_
com.google.analytics.containertag.proto.Debug$ResolvedProperty: byte memoizedIsInitialized
com.google.analytics.containertag.proto.Debug$ResolvedProperty: int memoizedSerializedSize
com.google.analytics.containertag.proto.Debug$ResolvedProperty: long serialVersionUID
com.google.analytics.containertag.proto.Debug$ResolvedProperty: java.lang.Object writeReplace()