Advantage/proguard/mapping.txt
com.hp.advantage.activities.MainActivity -> com.hp.advantage.activities.MainActivity:
    android.support.v4.widget.DrawerLayout mDrawerLayout -> a
    android.widget.ListView mDrawerList -> b
    android.support.v4.app.ActionBarDrawerToggle mDrawerToggle -> c
    java.util.List mMenuTitles -> d
    void onCreate(android.os.Bundle) -> onCreate
    void InitializeDrawer() -> a
    void setActionBarArrowDependingOnFragmentsBackStack() -> b
    void onBackPressed() -> onBackPressed
    boolean onCreateOptionsMenu(android.view.Menu) -> onCreateOptionsMenu
    boolean onPrepareOptionsMenu(android.view.Menu) -> onPrepareOptionsMenu
    boolean onOptionsItemSelected(android.view.MenuItem) -> onOptionsItemSelected
    void Logout() -> c
    void setTitle(java.lang.CharSequence) -> setTitle
    void onPostCreate(android.os.Bundle) -> onPostCreate
    void onConfigurationChanged(android.content.res.Configuration) -> onConfigurationChanged
    void NavigateTo(java.lang.String,boolean) -> a
    void NavigateTo(java.lang.String,boolean,java.lang.String[]) -> a
    java.util.List access$0(com.hp.advantage.activities.MainActivity) -> a
    void access$1(com.hp.advantage.activities.MainActivity) -> b
    android.widget.ListView access$2(com.hp.advantage.activities.MainActivity) -> c
    android.support.v4.widget.DrawerLayout access$3(com.hp.advantage.activities.MainActivity) -> d
    void access$4(com.hp.advantage.activities.MainActivity) -> e
com.hp.advantage.activities.MainActivity$1 -> com.hp.advantage.activities.a:
    com.hp.advantage.activities.MainActivity this$0 -> a
    void onDrawerClosed(android.view.View) -> b
    void onDrawerOpened(android.view.View) -> a
com.hp.advantage.activities.MainActivity$2 -> com.hp.advantage.activities.b:
    com.hp.advantage.activities.MainActivity this$0 -> a
    void onBackStackChanged() -> onBackStackChanged
com.hp.advantage.activities.MainActivity$3 -> com.hp.advantage.activities.c:
    com.hp.advantage.activities.MainActivity this$0 -> a
    void onClick(android.content.DialogInterface,int) -> onClick
com.hp.advantage.activities.MainActivity$4 -> com.hp.advantage.activities.d:
    com.hp.advantage.activities.MainActivity this$0 -> a
    void onClick(android.content.DialogInterface,int) -> onClick
com.hp.advantage.activities.MainActivity$DrawerItemClickListener -> com.hp.advantage.activities.e:
    com.hp.advantage.activities.MainActivity this$0 -> a
    void onItemClick(android.widget.AdapterView,android.view.View,int,long) -> onItemClick
com.hp.advantage.adapters.AccountDropDownAdapter -> com.hp.advantage.a.a:
    android.app.Activity context -> a
    java.util.List AccountList -> b
    android.view.View getDropDownView(int,android.view.View,android.view.ViewGroup) -> getDropDownView
    android.view.View getView(int,android.view.View,android.view.ViewGroup) -> getView
com.hp.advantage.adapters.AccountListAdapter -> com.hp.advantage.a.b:
    android.app.Activity activity -> a
    java.util.List AccountList -> b
    com.hp.advantage.utils.GenericUtils GU -> c
    android.view.LayoutInflater inflater -> d
    android.view.View getView(int,android.view.View,android.view.ViewGroup) -> getView
    int getCount() -> getCount
    java.lang.Object getItem(int) -> getItem
    long getItemId(int) -> getItemId
com.hp.advantage.adapters.AccountListAdapter$ViewHolder -> com.hp.advantage.a.c:
    android.widget.RelativeLayout layoutRelativeLayout -> a
    android.widget.ImageView accountImageView -> b
    android.widget.TextView accountNameTextView -> c
    android.widget.TextView accountBalanceTextView -> d
...
android.support.v4.widget.EdgeEffectCompat$BaseEdgeEffectImpl -> android.support.v4.widget.h:
    void setSize(java.lang.Object,int,int) -> a
    boolean isFinished(java.lang.Object) -> a
    void finish(java.lang.Object) -> b
    boolean onPull(java.lang.Object,float) -> a
    boolean onRelease(java.lang.Object) -> c
    boolean draw(java.lang.Object,android.graphics.Canvas) -> a
android.support.v4.widget.EdgeEffectCompat$EdgeEffectIcsImpl -> android.support.v4.widget.i:
    void setSize(java.lang.Object,int,int) -> a
    boolean isFinished(java.lang.Object) -> a
    void finish(java.lang.Object) -> b
    boolean onPull(java.lang.Object,float) -> a
    boolean onRelease(java.lang.Object) -> c
    boolean draw(java.lang.Object,android.graphics.Canvas) -> a
android.support.v4.widget.EdgeEffectCompat$EdgeEffectImpl -> android.support.v4.widget.j:
    void setSize(java.lang.Object,int,int) -> a
    boolean isFinished(java.lang.Object) -> a
    void finish(java.lang.Object) -> b
    boolean onPull(java.lang.Object,float) -> a
    boolean onRelease(java.lang.Object) -> c
    boolean draw(java.lang.Object,android.graphics.Canvas) -> a
android.support.v4.widget.EdgeEffectCompatIcs -> android.support.v4.widget.k:
    void setSize(java.lang.Object,int,int) -> a
    boolean isFinished(java.lang.Object) -> a
    void finish(java.lang.Object) -> b
    boolean onPull(java.lang.Object,float) -> a
    boolean onRelease(java.lang.Object) -> c
    boolean draw(java.lang.Object,android.graphics.Canvas) -> a
android.support.v4.widget.ScrollerCompat -> android.support.v4.widget.l:
    java.lang.Object mScroller -> a
    android.support.v4.widget.ScrollerCompat$ScrollerCompatImpl IMPL -> b
    android.support.v4.widget.ScrollerCompat create(android.content.Context,android.view.animation.Interpolator) -> a
    boolean isFinished() -> a
    int getCurrX() -> b
    int getCurrY() -> c
    int getFinalX() -> d
    int getFinalY() -> e
    boolean computeScrollOffset() -> f
    void startScroll(int,int,int,int,int) -> a
    void abortAnimation() -> g
android.support.v4.widget.ScrollerCompat$ScrollerCompatImpl -> android.support.v4.widget.m:
    java.lang.Object createScroller(android.content.Context,android.view.animation.Interpolator) -> a
    boolean isFinished(java.lang.Object) -> a
    int getCurrX(java.lang.Object) -> b
    int getCurrY(java.lang.Object) -> c
    boolean computeScrollOffset(java.lang.Object) -> d
    void startScroll(java.lang.Object,int,int,int,int,int) -> a
    void abortAnimation(java.lang.Object) -> e
    int getFinalX(java.lang.Object) -> f
    int getFinalY(java.lang.Object) -> g
android.support.v4.widget.ScrollerCompat$ScrollerCompatImplBase -> android.support.v4.widget.n:
    java.lang.Object createScroller(android.content.Context,android.view.animation.Interpolator) -> a
    boolean isFinished(java.lang.Object) -> a
    int getCurrX(java.lang.Object) -> b
    int getCurrY(java.lang.Object) -> c
    boolean computeScrollOffset(java.lang.Object) -> d
    void startScroll(java.lang.Object,int,int,int,int,int) -> a
    void abortAnimation(java.lang.Object) -> e
    int getFinalX(java.lang.Object) -> f
    int getFinalY(java.lang.Object) -> g
android.support.v4.widget.ScrollerCompat$ScrollerCompatImplGingerbread -> android.support.v4.widget.o:
    java.lang.Object createScroller(android.content.Context,android.view.animation.Interpolator) -> a
    boolean isFinished(java.lang.Object) -> a
    int getCurrX(java.lang.Object) -> b
    int getCurrY(java.lang.Object) -> c
    boolean computeScrollOffset(java.lang.Object) -> d
    void startScroll(java.lang.Object,int,int,int,int,int) -> a
    void abortAnimation(java.lang.Object) -> e
    int getFinalX(java.lang.Object) -> f
    int getFinalY(java.lang.Object) -> g
android.support.v4.widget.ScrollerCompat$ScrollerCompatImplIcs -> android.support.v4.widget.p: