Advantage/proguard/usage.txt
com.hp.advantage.BuildConfig
com.hp.advantage.Manifest
com.hp.advantage.Manifest$permission
com.hp.advantage.R
com.hp.advantage.R$anim
com.hp.advantage.R$attr
com.hp.advantage.R$bool
com.hp.advantage.R$color
com.hp.advantage.R$dimen
com.hp.advantage.R$drawable
com.hp.advantage.R$id
com.hp.advantage.R$layout
com.hp.advantage.R$menu
com.hp.advantage.R$string
com.hp.advantage.R$style
com.hp.advantage.data.Branch
com.hp.advantage.db.DatabaseHelper:
    static final java.lang.String dbName
    private static final int DATABASE_VERSION
    99:103:public void CloseDB()
com.hp.advantage.db.UserDBHelper:
    static final java.lang.String userTable
    static final java.lang.String user_id
    static final java.lang.String first_name
    static final java.lang.String last_name
    static final java.lang.String email
    static final java.lang.String gender
    static final java.lang.String create_date
    static final java.lang.String last_login
    static final java.lang.String phone_unique_id
    static final java.lang.String facebook_id
    static final java.lang.String facebook_user_name
    static final java.lang.String birthday
    static final java.lang.String zipcode
    static final java.lang.String phone
    static final java.lang.String city_id
    static final java.lang.String state_id
    static final java.lang.String country_id
    static final java.lang.String user_guid
    static final java.lang.String facebook_expires_in
    static final java.lang.String facebook_access_token
    static final java.lang.String gcm_registration_id
    static final java.lang.String gcm_registration_date
    static final java.lang.String plus_account_name
    static final java.lang.String can_place_bids
    75:76:public void DropTable(android.database.sqlite.SQLiteDatabase)
    145:154:public com.hp.advantage.data.User GetUser(int)
    258:262:public void DeleteUser(com.hp.advantage.data.User)
com.hp.advantage.fragments.FragmentFactory:
    6:6:public FragmentFactory()
    10:23:public static android.app.Fragment Create(android.app.Activity,int)
com.hp.advantage.fragments.MoneyTransferFragment:
    private android.widget.ListView accountsListView
    104:118:public void Refresh(java.util.List)
com.hp.advantage.receivers.GcmIntentService:
    95:110:private static void generateNotification(android.content.Context,java.lang.String)
com.hp.advantage.ui.CameraPreview:
    53:59:public void switchCamera(android.hardware.Camera)
com.hp.advantage.utils.BogusException
com.hp.advantage.utils.FileCache:
    35:39:public void clear()
...
com.google.analytics.tracking.android.GoogleAnalytics
com.google.analytics.tracking.android.Hit
com.google.analytics.tracking.android.HitBuilder
com.google.analytics.tracking.android.HitTypes
com.google.analytics.tracking.android.HttpClientFactory
com.google.analytics.tracking.android.Log
com.google.analytics.tracking.android.Logger
com.google.analytics.tracking.android.Logger$LogLevel
com.google.analytics.tracking.android.MapBuilder
com.google.analytics.tracking.android.NoopDispatcher
com.google.analytics.tracking.android.ParameterLoader
com.google.analytics.tracking.android.ParameterLoaderImpl
com.google.analytics.tracking.android.PersistentAnalyticsStore
com.google.analytics.tracking.android.PersistentAnalyticsStore$1
com.google.analytics.tracking.android.PersistentAnalyticsStore$AnalyticsDatabaseHelper
com.google.analytics.tracking.android.ScreenResolutionDefaultProvider
com.google.analytics.tracking.android.ServiceManager
com.google.analytics.tracking.android.ServiceProxy
com.google.analytics.tracking.android.SimpleNetworkDispatcher
com.google.analytics.tracking.android.StandardExceptionParser
com.google.analytics.tracking.android.Tracker
com.google.analytics.tracking.android.TrackerHandler
com.google.analytics.tracking.android.Utils
com.google.android.gcm.GCMBaseIntentService:
    public static final java.lang.String TAG
    private static final java.lang.String WAKELOCK_KEY
    private static final java.lang.String EXTRA_TOKEN
com.google.android.gcm.GCMBroadcastReceiver:
    private static final java.lang.String TAG
com.google.android.gcm.GCMConstants
com.google.android.gcm.GCMRegistrar:
    public static final long DEFAULT_ON_SERVER_LIFESPAN_MS
    private static final java.lang.String TAG
    private static final java.lang.String BACKOFF_MS
    private static final java.lang.String GSF_PACKAGE
    private static final java.lang.String PREFERENCES
    private static final int DEFAULT_BACKOFF_MS
    private static final java.lang.String PROPERTY_REG_ID
    private static final java.lang.String PROPERTY_APP_VERSION
    private static final java.lang.String PROPERTY_ON_SERVER
    private static final java.lang.String PROPERTY_ON_SERVER_EXPIRATION_TIME
    private static final java.lang.String PROPERTY_ON_SERVER_LIFESPAN
    129:173:public static void checkManifest(android.content.Context)
    177:200:private static void checkReceiver(android.content.Context,java.util.Set,java.lang.String)
    252:254:public static void unregister(android.content.Context)
    264:269:public static synchronized void onDestroy(android.content.Context)
    407:419:public static boolean isRegisteredOnServer(android.content.Context)
    442:446:public static void setRegisterOnServerLifespan(android.content.Context,long)
    505:506:private GCMRegistrar()
com.google.android.gms.analytics.internal.Command:
    public static final java.lang.String APPEND_VERSION
    public static final java.lang.String APPEND_QUEUE_TIME
    public static final java.lang.String APPEND_CACHE_BUSTER
    36:40:public Command(java.lang.String,java.lang.String,java.lang.String)
    43:43:public java.lang.String getId()
    47:47:public java.lang.String getUrlParam()
    51:51:public java.lang.String getValue()
com.google.android.gms.analytics.internal.IAnalyticsService
com.google.android.gms.analytics.internal.IAnalyticsService$Stub
com.google.android.gms.analytics.internal.IAnalyticsService$Stub$Proxy
com.google.android.gms.common.util.VisibleForTesting
com.google.tagmanager.AdvertiserIdMacro
com.google.tagmanager.AdvertisingTrackingEnabledMacro
com.google.tagmanager.AdwordsClickReferrerListener
com.google.tagmanager.AdwordsClickReferrerMacro
com.google.tagmanager.AppIdMacro
com.google.tagmanager.AppNameMacro
com.google.tagmanager.AppVersionMacro
com.google.tagmanager.ArbitraryPixelTag
com.google.tagmanager.ArbitraryPixelTag$1
com.google.tagmanager.ArbitraryPixelTag$HitSenderProvider
com.google.tagmanager.Base16
com.google.tagmanager.Base64